\BOOKMARK [1][-]{section.1}{Notices}{}% 1
\BOOKMARK [1][-]{section.2}{Approval for Release}{}% 2
\BOOKMARK [1][-]{section.3}{Amendment Log}{}% 3
\BOOKMARK [1][-]{section.4}{Executive Summary}{}% 4
\BOOKMARK [1][-]{section.5}{Introduction}{}% 5
\BOOKMARK [2][-]{subsection.5.1}{Document Purpose}{section.5}% 6
\BOOKMARK [2][-]{subsection.5.2}{Intended Audience}{section.5}% 7
\BOOKMARK [2][-]{subsection.5.3}{Applicable Documents}{section.5}% 8
\BOOKMARK [2][-]{subsection.5.4}{Acronyms and Abbreviations}{section.5}% 9
\BOOKMARK [2][-]{subsection.5.5}{Definitions}{section.5}% 10
\BOOKMARK [1][-]{section.6}{Project Definition}{}% 11
\BOOKMARK [2][-]{subsection.6.1}{Background}{section.6}% 12
\BOOKMARK [2][-]{subsection.6.2}{Objective}{section.6}% 13
\BOOKMARK [2][-]{subsection.6.3}{Scope}{section.6}% 14
\BOOKMARK [2][-]{subsection.6.4}{Project Requirements}{section.6}% 15
\BOOKMARK [1][-]{section.7}{Deliverables and Outcomes}{}% 16
\BOOKMARK [1][-]{section.8}{Project Management}{}% 17
\BOOKMARK [2][-]{subsection.8.1}{Schedule}{section.8}% 18
\BOOKMARK [1][-]{section.9}{Literature Review}{}% 19
\BOOKMARK [2][-]{subsection.9.1}{Current Best Practice}{section.9}% 20
\BOOKMARK [2][-]{subsection.9.2}{Gap Analysis}{section.9}% 21
\BOOKMARK [1][-]{section.10}{Methodology}{}% 22
\BOOKMARK [1][-]{section.11}{Results and Discussion}{}% 23
\BOOKMARK [1][-]{section.12}{Future Work}{}% 24
\BOOKMARK [1][-]{section.13}{Conclusion}{}% 25
\BOOKMARK [1][-]{section.14}{References}{}% 26
