\BOOKMARK [1][-]{section.1}{Summary of Practical Experience}{}% 1
\BOOKMARK [1][-]{section.2}{Letters of Employment / Declaration of IEAUST requirements}{}% 2
\BOOKMARK [2][-]{subsection.2.1}{AITC Letter}{section.2}% 3
\BOOKMARK [2][-]{subsection.2.2}{Questacon Letter}{section.2}% 4
\BOOKMARK [1][-]{section.3}{Report}{}% 5
\BOOKMARK [2][-]{subsection.3.1}{AITC Report}{section.3}% 6
\BOOKMARK [3][-]{subsubsection.3.1.1}{The structure and operation of the Company}{subsection.3.1}% 7
\BOOKMARK [3][-]{subsubsection.3.1.2}{My Position in the Company}{subsection.3.1}% 8
\BOOKMARK [3][-]{subsubsection.3.1.3}{Technical Description of the Job}{subsection.3.1}% 9
\BOOKMARK [2][-]{subsection.3.2}{Questacon Report}{section.3}% 10
\BOOKMARK [1][-]{section.4}{Development of Stage 1 Competency Standards for Professional Engineer}{}% 11
\BOOKMARK [1][-]{section.5}{Employer Feedback Forms}{}% 12
\BOOKMARK [2][-]{subsection.5.1}{AITC}{section.5}% 13
\BOOKMARK [2][-]{subsection.5.2}{Questacon}{section.5}% 14
\BOOKMARK [1][-]{section.6}{Employer Declarations of Report Accuracy}{}% 15
\BOOKMARK [2][-]{subsection.6.1}{AITC}{section.6}% 16
\BOOKMARK [2][-]{subsection.6.2}{Questacon}{section.6}% 17
\BOOKMARK [1][-]{section.7}{Conclusions}{}% 18
\BOOKMARK [1][-]{section.8}{Reflection of Work Experience}{}% 19
\BOOKMARK [1][-]{section.9}{Acknowledgements}{}% 20
\BOOKMARK [1][-]{section.10}{Signature and date}{}% 21
\BOOKMARK [1][-]{section.11}{Appendix 1: Stage 1 Competency Matrix}{}% 22
